<?xml version="1.0" encoding="UTF-8"?>
<!-- Generated by org.testng.reporters.JUnitReportReporter -->
<testsuite hostname="DESKTOP-6VKJ55B" failures="0" tests="1" name="co.com.sofka.app.AppTest" time="0.001" errors="0" timestamp="2022-03-14T22:58:24 UYT" skipped="0">
  <testcase classname="co.com.sofka.app.AppTest" name="testApp" time="0.001"/>
  <system-out/>
</testsuite> <!-- co.com.sofka.app.AppTest -->
